mxsession.pl syntax OK
Can't locate Mx/Env.pm in @INC (@INC contains: /Library/Perl/5.16/darwin-thread-multi-2level /Library/Perl/5.16 /Network/Library/Perl/5.16/darwin-thread-multi-2level /Network/Library/Perl/5.16 /Library/Perl/Updates/5.16.2 /System/Library/Perl/5.16/darwin-thread-multi-2level /System/Library/Perl/5.16 /System/Library/Perl/Extras/5.16/darwin-thread-multi-2level /System/Library/Perl/Extras/5.16 .) at - line 16.
BEGIN failed--compilation aborted at - line 16.
Can't locate Mx/Env.pm in @INC (@INC contains: /Library/Perl/5.16/darwin-thread-multi-2level /Library/Perl/5.16 /Network/Library/Perl/5.16/darwin-thread-multi-2level /Network/Library/Perl/5.16 /Library/Perl/Updates/5.16.2 /System/Library/Perl/5.16/darwin-thread-multi-2level /System/Library/Perl/5.16 /System/Library/Perl/Extras/5.16/darwin-thread-multi-2level /System/Library/Perl/Extras/5.16 .) at - line 16.
BEGIN failed--compilation aborted at - line 16.
MXCOMMON must be defined!
 at /Users/mario/Documents/Git/MCM-Oracle/MCM-Oracle/common/lib/Mx/Env.pm line 16.
BEGIN failed--compilation aborted at /Users/mario/Documents/Git/MCM-Oracle/MCM-Oracle/common/lib/Mx/Env.pm line 16.
Compilation failed in require at - line 16.
BEGIN failed--compilation aborted at - line 16.
MXCOMMON must be defined!
 at /Users/mario/Documents/Git/MCM-Oracle/MCM-Oracle/common/lib/Mx/Env.pm line 16.
BEGIN failed--compilation aborted at /Users/mario/Documents/Git/MCM-Oracle/MCM-Oracle/common/lib/Mx/Env.pm line 16.
Compilation failed in require at - line 16.
BEGIN failed--compilation aborted at - line 16.
MXCOMMON must be defined!
 at /Users/mario/Documents/Git/MCM-Oracle/MCM-Oracle/common/lib/Mx/Env.pm line 16.
BEGIN failed--compilation aborted at /Users/mario/Documents/Git/MCM-Oracle/MCM-Oracle/common/lib/Mx/Env.pm line 16.
Compilation failed in require at - line 16.
BEGIN failed--compilation aborted at - line 16.
